<?xml version="1.0" encoding="UTF-8"?>
<!-- Generated by org.testng.reporters.JUnitReportReporter -->
<testsuite hostname="SAHIL" failures="0" tests="3" name="test.Automation_testing.sneh" time="8.313" errors="0" timestamp="2025-01-29T13:41:59 IST" skipped="0">
  <testcase classname="test.Automation_testing.sneh" name="launch" time="3.531"/>
  <system-out/>
  <testcase classname="test.Automation_testing.sneh" name="login" time="2.442"/>
  <system-out/>
  <testcase classname="test.Automation_testing.sneh" name="logout" time="2.340"/>
  <system-out/>
</testsuite> <!-- test.Automation_testing.sneh -->
