<?xml version="1.0" encoding="UTF-8"?>
<!-- Generated by org.testng.reporters.JUnitReportReporter -->
<testsuite hostname="SAHIL" failures="0" tests="1" name="test.Automation_testing.annotations" time="0.012" errors="0" timestamp="2025-01-31T12:24:02 IST" skipped="0">
  <testcase classname="test.Automation_testing.annotations" name="third" time="0.012"/>
  <system-out/>
</testsuite> <!-- test.Automation_testing.annotations -->
