<?xml version="1.0" encoding="UTF-8"?>
<!-- Generated by org.testng.reporters.JUnitReportReporter -->
<testsuite hostname="SAHIL" failures="0" tests="1" name="test.Automation_testing.NewTest" time="0.017" errors="0" timestamp="2025-02-02T22:38:43 IST" skipped="0">
  <testcase classname="test.Automation_testing.NewTest" name="f" time="0.017"/>
  <system-out/>
</testsuite> <!-- test.Automation_testing.NewTest -->
