<?xml version="1.0" encoding="UTF-8"?>
<!-- Generated by org.testng.reporters.JUnitReportReporter -->
<testsuite hostname="SAHIL" failures="0" tests="1" name="linkedin_challenge_testng.pra" time="109.434" errors="0" timestamp="2025-03-26T15:28:27 IST" skipped="0">
  <testcase classname="linkedin_challenge_testng.pra" name="login_1" time="109.434"/>
  <system-out/>
</testsuite> <!-- linkedin_challenge_testng.pra -->
