<?xml version="1.0" encoding="UTF-8"?>
<!-- Generated by org.testng.reporters.JUnitReportReporter -->
<testsuite hostname="SAHIL" failures="0" tests="3" name="linkedin_challenge_testng.day_27_1" time="56.484" errors="0" timestamp="2025-03-26T15:24:55 IST" skipped="0">
  <testcase classname="linkedin_challenge_testng.day_27_1" name="enterUsername" time="19.559"/>
  <system-out/>
  <testcase classname="linkedin_challenge_testng.day_27_1" name="enterPassword" time="15.873"/>
  <system-out/>
  <testcase classname="linkedin_challenge_testng.day_27_1" name="clickLoginButton" time="21.052"/>
  <system-out/>
</testsuite> <!-- linkedin_challenge_testng.day_27_1 -->
