<?xml version="1.0" encoding="UTF-8"?>
<!-- Generated by org.testng.reporters.JUnitReportReporter -->
<testsuite hostname="SAHIL" failures="0" tests="2" name="linkedin_challenge_testng.grraaaa" time="23.988" errors="0" timestamp="2025-03-26T16:07:35 IST" skipped="0">
  <testcase classname="linkedin_challenge_testng.grraaaa" name="chromebrowser" time="20.548"/>
  <system-out/>
  <testcase classname="linkedin_challenge_testng.grraaaa" name="username" time="3.440"/>
  <system-out/>
</testsuite> <!-- linkedin_challenge_testng.grraaaa -->
