<?xml version="1.0" encoding="UTF-8"?>
<!-- Generated by org.testng.reporters.JUnitReportReporter -->
<testsuite hostname="SAHIL" failures="0" tests="3" name="test.Automation_testing.priority" time="0.027" errors="0" timestamp="2025-01-29T10:02:55 IST" skipped="0">
  <testcase classname="test.Automation_testing.priority" name="sample" time="0.002"/>
  <system-out/>
  <testcase classname="test.Automation_testing.priority" name="show" time="0.002"/>
  <system-out/>
  <testcase classname="test.Automation_testing.priority" name="display" time="0.023"/>
  <system-out/>
</testsuite> <!-- test.Automation_testing.priority -->
