<?xml version="1.0" encoding="UTF-8"?>
<!-- Generated by org.testng.reporters.JUnitReportReporter -->
<testsuite hostname="SAHIL" failures="0" tests="2" name="annotations.annotations_demo_1" time="0.031" errors="0" timestamp="2025-02-03T12:56:23 IST" skipped="0">
  <testcase classname="annotations.annotations_demo_1" name="search" time="0.020"/>
  <system-out/>
  <testcase classname="annotations.annotations_demo_1" name="advance_search" time="0.011"/>
  <system-out/>
</testsuite> <!-- annotations.annotations_demo_1 -->
