<?xml version="1.0" encoding="UTF-8"?>
<!-- Generated by org.testng.reporters.JUnitReportReporter -->
<testsuite hostname="SAHIL" failures="0" tests="1" name="test.Automation_testing.script" time="13.558" errors="0" timestamp="2025-01-31T10:25:24 IST" skipped="0">
  <testcase classname="test.Automation_testing.script" name="Script_1" time="13.558"/>
  <system-out/>
</testsuite> <!-- test.Automation_testing.script -->
