<?xml version="1.0" encoding="UTF-8"?>
<!-- Generated by org.testng.reporters.JUnitReportReporter -->
<testsuite hostname="SAHIL" failures="0" tests="1" name="cc.c5" time="2.669" errors="0" timestamp="2025-02-03T09:14:45 IST" skipped="0">
  <testcase classname="cc.c5" name="add" time="2.669"/>
  <system-out/>
</testsuite> <!-- cc.c5 -->
