<?xml version="1.0" encoding="UTF-8"?>
<!-- Generated by org.testng.reporters.JUnitReportReporter -->
<testsuite hostname="SAHIL" failures="0" tests="5" name="linkedin_challenge_testng.day_27" time="24.771" errors="0" timestamp="2025-03-26T18:50:48 IST" skipped="0">
  <testcase classname="linkedin_challenge_testng.day_27" name="chromebrowser" time="13.255"/>
  <system-out/>
  <testcase classname="linkedin_challenge_testng.day_27" name="password" time="2.515"/>
  <system-out/>
  <testcase classname="linkedin_challenge_testng.day_27" name="username" time="2.189"/>
  <system-out/>
  <testcase classname="linkedin_challenge_testng.day_27" name="login_button" time="3.474"/>
  <system-out/>
  <testcase classname="linkedin_challenge_testng.day_27" name="logout_button" time="3.338"/>
  <system-out/>
</testsuite> <!-- linkedin_challenge_testng.day_27 -->
