<?xml version="1.0" encoding="UTF-8"?>
<!-- Generated by org.testng.reporters.JUnitReportReporter -->
<testsuite hostname="SAHIL" failures="0" tests="4" name="linkedin_challenge_testng.day_28" time="34.434" errors="0" timestamp="2025-03-28T15:48:48 IST" skipped="0">
  <testcase classname="linkedin_challenge_testng.day_28" name="chromebrowser" time="15.263"/>
  <system-out/>
  <testcase classname="linkedin_challenge_testng.day_28" name="item_1" time="8.358"/>
  <system-out/>
  <testcase classname="linkedin_challenge_testng.day_28" name="cart" time="4.298"/>
  <system-out/>
  <testcase classname="linkedin_challenge_testng.day_28" name="checkout" time="6.515"/>
  <system-out/>
</testsuite> <!-- linkedin_challenge_testng.day_28 -->
