<?xml version="1.0" encoding="UTF-8"?>
<!-- Generated by org.testng.reporters.JUnitReportReporter -->
<testsuite hostname="SAHIL" failures="0" tests="1" name="test.Automation_testing.parametersdemo" time="0.027" errors="0" timestamp="2025-02-03T12:35:51 IST" skipped="0">
  <testcase classname="test.Automation_testing.parametersdemo" name="display" time="0.027"/>
  <system-out/>
</testsuite> <!-- test.Automation_testing.parametersdemo -->
