<?xml version="1.0" encoding="UTF-8"?>
<!-- Generated by org.testng.reporters.JUnitReportReporter -->
<testsuite hostname="SAHIL" failures="0" tests="1" name="test.Automation_testing.other_annotations" time="0.013" errors="0" timestamp="2025-01-31T12:47:46 IST" skipped="0">
  <testcase classname="test.Automation_testing.other_annotations" name="d" time="0.013"/>
  <system-out/>
</testsuite> <!-- test.Automation_testing.other_annotations -->
