<?xml version="1.0" encoding="UTF-8"?>
<!-- Generated by org.testng.reporters.JUnitReportReporter -->
<testsuite hostname="SAHIL" failures="0" tests="1" name="cc.c3" time="2.679" errors="0" timestamp="2025-02-03T09:15:32 IST" skipped="0">
  <testcase classname="cc.c3" name="add" time="2.679"/>
  <system-out/>
</testsuite> <!-- cc.c3 -->
